<?xml version="1.0" encoding="UTF-8"?>
<testsuite xmlns:xsi="http://www.w3.org/2001/XMLSchema-instance" xsi:noNamespaceSchemaLocation="https://maven.apache.org/surefire/maven-surefire-plugin/xsd/surefire-test-report-3.0.xsd" version="3.0" name="Learning.SimpleTest" time="0.329" tests="3" errors="0" skipped="0" failures="0">
  <properties>
[...]
</properties>
  <testcase name="testBasicMath" classname="Learning.SimpleTest" time="0.005">
    <system-out><![CDATA[✅ Basic math test passed!
]]></system-out>
    <system-err><![CDATA[SLF4J(W): No SLF4J providers were found.
SLF4J(W): Defaulting to no-operation (NOP) logger implementation
SLF4J(W): See https://www.slf4j.org/codes.html#noProviders for further details.
]]></system-err>
  </testcase>
  <testcase name="testBooleanLogic" classname="Learning.SimpleTest" time="0.001">
    <system-out><![CDATA[✅ Boolean logic test passed!
]]></system-out>
  </testcase>
  <testcase name="testStringOperations" classname="Learning.SimpleTest" time="0.0">
    <system-out><![CDATA[✅ String test passed!
]]></system-out>
  </testcase>
</testsuite>